Using pre-set license
Built from '2020.3/staging' branch; Version is '2020.3.0f1 (c7b5465681fb) revision 13088070'; Using compiler version '192528614'; Build Type 'Release'
OS: 'Windows 10 Home Single Language; OS build 19042.928; Version 2009; 64bit' Language: 'tr' Physical Memory: 16313 MB
BatchMode: 1, IsHumanControllingUs: 0, StartBugReporterOnCrash: 0, Is64bit: 1, IsPro: 0

 COMMAND LINE ARGUMENTS:
C:\Users\USER\Desktop\Projects\2020.3.0f1\Editor\Unity.exe
-adb2
-batchMode
-noUpm
-name
AssetImportWorker0
-projectPath
C:/Users/USER/Desktop/Projects/mobile-1
-logFile
Logs/AssetImportWorker0.log
-srvPort
55716
Successfully changed project path to: C:/Users/USER/Desktop/Projects/mobile-1
C:/Users/USER/Desktop/Projects/mobile-1
Using Asset Import Pipeline V2.
Refreshing native plugins compatible for Editor in 24.16 ms, found 0 plugins.
Preloading 0 native plugins for Editor in 0.00 ms.
Initialize engine version: 2020.3.0f1 (c7b5465681fb)
[Subsystems] Discovering subsystems at path C:/Users/USER/Desktop/Projects/2020.3.0f1/Editor/Data/Resources/UnitySubsystems
[Subsystems] Discovering subsystems at path C:/Users/USER/Desktop/Projects/mobile-1/Assets
GfxDevice: creating device client; threaded=0
Direct3D:
    Version:  Direct3D 11.0 [level 11.1]
    Renderer: NVIDIA GeForce RTX 2060 SUPER (ID=0x1f06)
    Vendor:   
    VRAM:     8031 MB
    Driver:   27.21.14.6109
Initialize mono
Mono path[0] = 'C:/Users/USER/Desktop/Projects/2020.3.0f1/Editor/Data/Managed'
Mono path[1] = 'C:/Users/USER/Desktop/Projects/2020.3.0f1/Editor/Data/MonoBleedingEdge/lib/mono/unityjit'
Mono config path = 'C:/Users/USER/Desktop/Projects/2020.3.0f1/Editor/Data/MonoBleedingEdge/etc'
Using monoOptions --debugger-agent=transport=dt_socket,embedding=1,server=y,suspend=n,address=127.0.0.1:56168
Begin MonoManager ReloadAssembly
Registering precompiled unity dll's ...
Register platform support module: C:/Users/USER/Desktop/Projects/2020.3.0f1/Editor/Data/PlaybackEngines/WebGLSupport/UnityEditor.WebGL.Extensions.dll
Register platform support module: C:/Users/USER/Desktop/Projects/2020.3.0f1/Editor/Data/PlaybackEngines/MacStandaloneSupport/UnityEditor.OSXStandalone.Extensions.dll
Register platform support module: C:/Users/USER/Desktop/Projects/2020.3.0f1/Editor/Data/PlaybackEngines/WindowsStandaloneSupport/UnityEditor.WindowsStandalone.Extensions.dll
Register platform support module: C:/Users/USER/Desktop/Projects/2020.3.0f1/Editor/Data/PlaybackEngines/LinuxStandaloneSupport/UnityEditor.LinuxStandalone.Extensions.dll
Registered in 0.002422 seconds.
Native extension for LinuxStandalone target not found
Native extension for WindowsStandalone target not found
Native extension for OSXStandalone target not found
Native extension for WebGL target not found
Refreshing native plugins compatible for Editor in 27.89 ms, found 0 plugins.
Preloading 0 native plugins for Editor in 0.00 ms.
Invoked RoslynAnalysisRunner static constructor.
RoslynAnalysisRunner will not be running.
RoslynAnalysisRunner has terminated.
Mono: successfully reloaded assembly
- Completed reload, in  2.182 seconds
Platform modules already initialized, skipping
Registering precompiled user dll's ...
Registered in 0.000530 seconds.
Begin MonoManager ReloadAssembly
Native extension for LinuxStandalone target not found
Native extension for WindowsStandalone target not found
Native extension for OSXStandalone target not found
Native extension for WebGL target not found
Refreshing native plugins compatible for Editor in 28.89 ms, found 0 plugins.
Preloading 0 native plugins for Editor in 0.00 ms.
Invoked RoslynAnalysisRunner static constructor.
RoslynAnalysisRunner will not be running.
RoslynAnalysisRunner has terminated.
Mono: successfully reloaded assembly
- Completed reload, in  0.818 seconds
Platform modules already initialized, skipping
========================================================================
Worker process is ready to serve import requests
Launched and connected shader compiler UnityShaderCompiler.exe after 0.03 seconds
Refreshing native plugins compatible for Editor in 0.31 ms, found 0 plugins.
Preloading 0 native plugins for Editor in 0.00 ms.
Unloading 1435 Unused Serialized files (Serialized files now loaded: 0)
System memory in use before: 68.7 MB.
System memory in use after: 68.8 MB.

Unloading 13 unused Assets to reduce memory usage. Loaded Objects now: 1879.
Total: 1.864000 ms (FindLiveObjects: 0.177300 ms CreateObjectMapping: 0.035600 ms MarkObjects: 1.575700 ms  DeleteObjects: 0.074500 ms)

========================================================================
Received Import Request.
  path: Assets/Scripts/Controler.inputactions
  artifactKey: Guid(19642d82fa6a7ba42b2f8c0a53df6dde) Importer(815301076,1909f56bfc062723c751e8b465ee728b)
Start importing Assets/Scripts/Controler.inputactions using Guid(19642d82fa6a7ba42b2f8c0a53df6dde) Importer(815301076,1909f56bfc062723c751e8b465ee728b)  -> (artifact id: '92cc33ae3c4a4b1ceb09583006cba46c') in 0.039608 seconds
  Import took 0.041974 seconds .

========================================================================
Received Import Request.
  Time since last request: 89.932872 seconds.
  path: Assets/Scripts/Controler.inputactions
  artifactKey: Guid(19642d82fa6a7ba42b2f8c0a53df6dde) Importer(815301076,1909f56bfc062723c751e8b465ee728b)
Start importing Assets/Scripts/Controler.inputactions using Guid(19642d82fa6a7ba42b2f8c0a53df6dde) Importer(815301076,1909f56bfc062723c751e8b465ee728b)  -> (artifact id: '435caeca9c9416e770a5d2a617217c2c') in 0.003942 seconds
  Import took 0.006608 seconds .

========================================================================
Received Import Request.
  Time since last request: 0.001137 seconds.
  path: Assets/Scripts/Controler.inputactions
  artifactKey: Guid(19642d82fa6a7ba42b2f8c0a53df6dde) Importer(815301076,1909f56bfc062723c751e8b465ee728b)
Start importing Assets/Scripts/Controler.inputactions using Guid(19642d82fa6a7ba42b2f8c0a53df6dde) Importer(815301076,1909f56bfc062723c751e8b465ee728b)  -> (artifact id: '435caeca9c9416e770a5d2a617217c2c') in 0.002458 seconds
  Import took 0.004671 seconds .

========================================================================
Received Import Request.
  Time since last request: 97.521153 seconds.
  path: Assets/Scripts/CharacterController.cs
  artifactKey: Guid(c2cb397de1a9fb04e86392d038e40fc2) Importer(815301076,1909f56bfc062723c751e8b465ee728b)
Start importing Assets/Scripts/CharacterController.cs using Guid(c2cb397de1a9fb04e86392d038e40fc2) Importer(815301076,1909f56bfc062723c751e8b465ee728b)  -> (artifact id: '35fd19b3fbaa25f9f66fc15ed98ecc1d') in 0.008861 seconds
  Import took 0.011420 seconds .

========================================================================
Received Prepare
Registering precompiled user dll's ...
Registered in 0.000545 seconds.
Begin MonoManager ReloadAssembly
Native extension for LinuxStandalone target not found
Native extension for WindowsStandalone target not found
Native extension for OSXStandalone target not found
Native extension for WebGL target not found
Refreshing native plugins compatible for Editor in 0.29 ms, found 0 plugins.
Preloading 0 native plugins for Editor in 0.00 ms.
Invoked RoslynAnalysisRunner static constructor.
RoslynAnalysisRunner will not be running.
RoslynAnalysisRunner has terminated.
Mono: successfully reloaded assembly
- Completed reload, in  0.749 seconds
Platform modules already initialized, skipping
Refreshing native plugins compatible for Editor in 0.29 ms, found 0 plugins.
Preloading 0 native plugins for Editor in 0.00 ms.
Unloading 1431 Unused Serialized files (Serialized files now loaded: 0)
System memory in use before: 68.9 MB.
System memory in use after: 68.9 MB.

Unloading 6 unused Assets to reduce memory usage. Loaded Objects now: 1883.
Total: 1.820600 ms (FindLiveObjects: 0.172800 ms CreateObjectMapping: 0.032900 ms MarkObjects: 1.547900 ms  DeleteObjects: 0.066000 ms)

========================================================================
Received Prepare
Registering precompiled user dll's ...
Registered in 0.000913 seconds.
Begin MonoManager ReloadAssembly
Native extension for LinuxStandalone target not found
Native extension for WindowsStandalone target not found
Native extension for OSXStandalone target not found
Native extension for WebGL target not found
Refreshing native plugins compatible for Editor in 0.30 ms, found 0 plugins.
Preloading 0 native plugins for Editor in 0.00 ms.
Invoked RoslynAnalysisRunner static constructor.
RoslynAnalysisRunner will not be running.
RoslynAnalysisRunner has terminated.
Mono: successfully reloaded assembly
- Completed reload, in  0.726 seconds
Platform modules already initialized, skipping
Refreshing native plugins compatible for Editor in 0.28 ms, found 0 plugins.
Preloading 0 native plugins for Editor in 0.00 ms.
Unloading 1431 Unused Serialized files (Serialized files now loaded: 0)
System memory in use before: 68.9 MB.
System memory in use after: 69.0 MB.

Unloading 6 unused Assets to reduce memory usage. Loaded Objects now: 1886.
Total: 2.032100 ms (FindLiveObjects: 0.172500 ms CreateObjectMapping: 0.032000 ms MarkObjects: 1.769500 ms  DeleteObjects: 0.056800 ms)

========================================================================
Received Import Request.
  Time since last request: 43.774264 seconds.
  path: Assets/Scripts/CharacterController.cs
  artifactKey: Guid(c2cb397de1a9fb04e86392d038e40fc2) Importer(815301076,1909f56bfc062723c751e8b465ee728b)
Start importing Assets/Scripts/CharacterController.cs using Guid(c2cb397de1a9fb04e86392d038e40fc2) Importer(815301076,1909f56bfc062723c751e8b465ee728b)  -> (artifact id: 'da540f41a20e6fc32c582fa1c1dc80de') in 0.006127 seconds
  Import took 0.008209 seconds .

========================================================================
Received Import Request.
  Time since last request: 4.776431 seconds.
  path: Assets/Scripts/CController.cs
  artifactKey: Guid(c2cb397de1a9fb04e86392d038e40fc2) Importer(815301076,1909f56bfc062723c751e8b465ee728b)
Start importing Assets/Scripts/CController.cs using Guid(c2cb397de1a9fb04e86392d038e40fc2) Importer(815301076,1909f56bfc062723c751e8b465ee728b)  -> (artifact id: '85fd67f07fc078d94c3dacf123ce8216') in 0.006506 seconds
  Import took 0.009391 seconds .

========================================================================
Received Prepare
Registering precompiled user dll's ...
Registered in 0.000645 seconds.
Begin MonoManager ReloadAssembly
Native extension for LinuxStandalone target not found
Native extension for WindowsStandalone target not found
Native extension for OSXStandalone target not found
Native extension for WebGL target not found
Refreshing native plugins compatible for Editor in 0.29 ms, found 0 plugins.
Preloading 0 native plugins for Editor in 0.00 ms.
Invoked RoslynAnalysisRunner static constructor.
RoslynAnalysisRunner will not be running.
RoslynAnalysisRunner has terminated.
Mono: successfully reloaded assembly
- Completed reload, in  0.802 seconds
Platform modules already initialized, skipping
Refreshing native plugins compatible for Editor in 0.27 ms, found 0 plugins.
Preloading 0 native plugins for Editor in 0.00 ms.
Unloading 1431 Unused Serialized files (Serialized files now loaded: 0)
System memory in use before: 68.9 MB.
System memory in use after: 69.0 MB.

Unloading 6 unused Assets to reduce memory usage. Loaded Objects now: 1889.
Total: 2.032900 ms (FindLiveObjects: 0.180900 ms CreateObjectMapping: 0.032100 ms MarkObjects: 1.766300 ms  DeleteObjects: 0.052400 ms)

========================================================================
Received Prepare
Registering precompiled user dll's ...
Registered in 0.000935 seconds.
Begin MonoManager ReloadAssembly
Native extension for LinuxStandalone target not found
Native extension for WindowsStandalone target not found
Native extension for OSXStandalone target not found
Native extension for WebGL target not found
Refreshing native plugins compatible for Editor in 0.32 ms, found 0 plugins.
Preloading 0 native plugins for Editor in 0.00 ms.
Invoked RoslynAnalysisRunner static constructor.
RoslynAnalysisRunner will not be running.
RoslynAnalysisRunner has terminated.
Mono: successfully reloaded assembly
- Completed reload, in  0.797 seconds
Platform modules already initialized, skipping
Refreshing native plugins compatible for Editor in 0.32 ms, found 0 plugins.
Preloading 0 native plugins for Editor in 0.00 ms.
Unloading 1431 Unused Serialized files (Serialized files now loaded: 0)
System memory in use before: 68.9 MB.
System memory in use after: 69.0 MB.

Unloading 6 unused Assets to reduce memory usage. Loaded Objects now: 1892.
Total: 1.829600 ms (FindLiveObjects: 0.192200 ms CreateObjectMapping: 0.034400 ms MarkObjects: 1.550000 ms  DeleteObjects: 0.051500 ms)

========================================================================
Received Prepare
Registering precompiled user dll's ...
Registered in 0.000649 seconds.
Begin MonoManager ReloadAssembly
Native extension for LinuxStandalone target not found
Native extension for WindowsStandalone target not found
Native extension for OSXStandalone target not found
Native extension for WebGL target not found
Refreshing native plugins compatible for Editor in 0.33 ms, found 0 plugins.
Preloading 0 native plugins for Editor in 0.00 ms.
Invoked RoslynAnalysisRunner static constructor.
RoslynAnalysisRunner will not be running.
RoslynAnalysisRunner has terminated.
Mono: successfully reloaded assembly
- Completed reload, in  0.800 seconds
Platform modules already initialized, skipping
Refreshing native plugins compatible for Editor in 0.28 ms, found 0 plugins.
Preloading 0 native plugins for Editor in 0.00 ms.
Unloading 1430 Unused Serialized files (Serialized files now loaded: 0)
System memory in use before: 68.9 MB.
System memory in use after: 69.0 MB.

Unloading 7 unused Assets to reduce memory usage. Loaded Objects now: 1894.
Total: 1.765700 ms (FindLiveObjects: 0.182500 ms CreateObjectMapping: 0.032800 ms MarkObjects: 1.496600 ms  DeleteObjects: 0.052700 ms)

========================================================================
Received Import Request.
  Time since last request: 307.426133 seconds.
  path: Assets/Materials/platform.mat
  artifactKey: Guid(55fe6e59d95a200499bc0a9ce0e4468f) Importer(815301076,1909f56bfc062723c751e8b465ee728b)
Start importing Assets/Materials/platform.mat using Guid(55fe6e59d95a200499bc0a9ce0e4468f) Importer(815301076,1909f56bfc062723c751e8b465ee728b)  -> (artifact id: '20fbcfe814b7fe8c4377384e8d9d2cd2') in 0.085373 seconds
  Import took 0.087914 seconds .

========================================================================
Received Import Request.
  Time since last request: 758.878395 seconds.
  path: Assets/Scripts/Movement.cs
  artifactKey: Guid(089bffddcc02dce408fcc4fd887bd573) Importer(815301076,1909f56bfc062723c751e8b465ee728b)
Start importing Assets/Scripts/Movement.cs using Guid(089bffddcc02dce408fcc4fd887bd573) Importer(815301076,1909f56bfc062723c751e8b465ee728b)  -> (artifact id: '815934cee2865627a0ecd08a0c23535e') in 0.006741 seconds
  Import took 0.009465 seconds .

========================================================================
Received Prepare
Registering precompiled user dll's ...
Registered in 0.000721 seconds.
Begin MonoManager ReloadAssembly
Native extension for LinuxStandalone target not found
Native extension for WindowsStandalone target not found
Native extension for OSXStandalone target not found
Native extension for WebGL target not found
Refreshing native plugins compatible for Editor in 0.31 ms, found 0 plugins.
Preloading 0 native plugins for Editor in 0.00 ms.
Invoked RoslynAnalysisRunner static constructor.
RoslynAnalysisRunner will not be running.
RoslynAnalysisRunner has terminated.
Mono: successfully reloaded assembly
- Completed reload, in  0.841 seconds
Platform modules already initialized, skipping
Refreshing native plugins compatible for Editor in 0.29 ms, found 0 plugins.
Preloading 0 native plugins for Editor in 0.00 ms.
Unloading 1431 Unused Serialized files (Serialized files now loaded: 0)
System memory in use before: 72.3 MB.
System memory in use after: 72.4 MB.

Unloading 6 unused Assets to reduce memory usage. Loaded Objects now: 1938.
Total: 2.008200 ms (FindLiveObjects: 0.191800 ms CreateObjectMapping: 0.034300 ms MarkObjects: 1.661700 ms  DeleteObjects: 0.118900 ms)

========================================================================
Received Prepare
Registering precompiled user dll's ...
Registered in 0.000539 seconds.
Begin MonoManager ReloadAssembly
Native extension for LinuxStandalone target not found
Native extension for WindowsStandalone target not found
Native extension for OSXStandalone target not found
Native extension for WebGL target not found
Refreshing native plugins compatible for Editor in 0.27 ms, found 0 plugins.
Preloading 0 native plugins for Editor in 0.00 ms.
Invoked RoslynAnalysisRunner static constructor.
RoslynAnalysisRunner will not be running.
RoslynAnalysisRunner has terminated.
Mono: successfully reloaded assembly
- Completed reload, in  0.740 seconds
Platform modules already initialized, skipping
Script is not up to date after domain reload: guid(36fe4bb558e6fd74087b5857aa82e18f) path("Assets/Scripts/Controler.cs") state(2)
Refreshing native plugins compatible for Editor in 0.31 ms, found 0 plugins.
Preloading 0 native plugins for Editor in 0.00 ms.
Unloading 1431 Unused Serialized files (Serialized files now loaded: 0)
System memory in use before: 72.3 MB.
System memory in use after: 72.4 MB.

Unloading 6 unused Assets to reduce memory usage. Loaded Objects now: 1941.
Total: 1.980100 ms (FindLiveObjects: 0.202400 ms CreateObjectMapping: 0.033300 ms MarkObjects: 1.689100 ms  DeleteObjects: 0.053800 ms)

========================================================================
Received Import Request.
  Time since last request: 125.798044 seconds.
  path: Assets/Scripts/Controler.inputactions
  artifactKey: Guid(19642d82fa6a7ba42b2f8c0a53df6dde) Importer(815301076,1909f56bfc062723c751e8b465ee728b)
Start importing Assets/Scripts/Controler.inputactions using Guid(19642d82fa6a7ba42b2f8c0a53df6dde) Importer(815301076,1909f56bfc062723c751e8b465ee728b)  -> (artifact id: '0cee6043e0f692d05337bf1288d1ec26') in 0.021551 seconds
  Import took 0.023934 seconds .

========================================================================
Received Prepare
Registering precompiled user dll's ...
Registered in 0.000566 seconds.
Begin MonoManager ReloadAssembly
Native extension for LinuxStandalone target not found
Native extension for WindowsStandalone target not found
Native extension for OSXStandalone target not found
Native extension for WebGL target not found
Refreshing native plugins compatible for Editor in 0.28 ms, found 0 plugins.
Preloading 0 native plugins for Editor in 0.00 ms.
Invoked RoslynAnalysisRunner static constructor.
RoslynAnalysisRunner will not be running.
RoslynAnalysisRunner has terminated.
Mono: successfully reloaded assembly
- Completed reload, in  0.782 seconds
Platform modules already initialized, skipping
Refreshing native plugins compatible for Editor in 0.28 ms, found 0 plugins.
Preloading 0 native plugins for Editor in 0.00 ms.
Unloading 1432 Unused Serialized files (Serialized files now loaded: 0)
System memory in use before: 72.3 MB.
System memory in use after: 72.4 MB.

Unloading 6 unused Assets to reduce memory usage. Loaded Objects now: 1945.
Total: 1.953700 ms (FindLiveObjects: 0.197700 ms CreateObjectMapping: 0.031300 ms MarkObjects: 1.667600 ms  DeleteObjects: 0.055800 ms)

========================================================================
Received Import Request.
  Time since last request: 4.015340 seconds.
  path: Assets/Scripts/Controler.cs
  artifactKey: Guid(36fe4bb558e6fd74087b5857aa82e18f) Importer(815301076,1909f56bfc062723c751e8b465ee728b)
Start importing Assets/Scripts/Controler.cs using Guid(36fe4bb558e6fd74087b5857aa82e18f) Importer(815301076,1909f56bfc062723c751e8b465ee728b)  -> (artifact id: 'b19d0216e5c5e2c9223a90a372b162d5') in 0.004537 seconds
  Import took 0.006835 seconds .

========================================================================
Received Import Request.
  Time since last request: 0.000309 seconds.
  path: Assets/Scripts/Controler.cs
  artifactKey: Guid(36fe4bb558e6fd74087b5857aa82e18f) Importer(815301076,1909f56bfc062723c751e8b465ee728b)
Start importing Assets/Scripts/Controler.cs using Guid(36fe4bb558e6fd74087b5857aa82e18f) Importer(815301076,1909f56bfc062723c751e8b465ee728b)  -> (artifact id: 'b19d0216e5c5e2c9223a90a372b162d5') in 0.001566 seconds
  Import took 0.003161 seconds .

========================================================================
Received Import Request.
  Time since last request: 206.398464 seconds.
  path: Assets/Scripts/Movement.cs
  artifactKey: Guid(089bffddcc02dce408fcc4fd887bd573) Importer(815301076,1909f56bfc062723c751e8b465ee728b)
Start importing Assets/Scripts/Movement.cs using Guid(089bffddcc02dce408fcc4fd887bd573) Importer(815301076,1909f56bfc062723c751e8b465ee728b)  -> (artifact id: '21b3a2c4871fe03bc16c37b4141ad08b') in 0.002441 seconds
  Import took 0.005391 seconds .

========================================================================
Received Import Request.
  Time since last request: 0.000317 seconds.
  path: Assets/Scripts/Movement.cs
  artifactKey: Guid(089bffddcc02dce408fcc4fd887bd573) Importer(815301076,1909f56bfc062723c751e8b465ee728b)
Start importing Assets/Scripts/Movement.cs using Guid(089bffddcc02dce408fcc4fd887bd573) Importer(815301076,1909f56bfc062723c751e8b465ee728b)  -> (artifact id: '21b3a2c4871fe03bc16c37b4141ad08b') in 0.001907 seconds
  Import took 0.004343 seconds .

========================================================================
Received Prepare
Registering precompiled user dll's ...
Registered in 0.000573 seconds.
Begin MonoManager ReloadAssembly
Native extension for LinuxStandalone target not found
Native extension for WindowsStandalone target not found
Native extension for OSXStandalone target not found
Native extension for WebGL target not found
Refreshing native plugins compatible for Editor in 0.32 ms, found 0 plugins.
Preloading 0 native plugins for Editor in 0.00 ms.
Invoked RoslynAnalysisRunner static constructor.
RoslynAnalysisRunner will not be running.
RoslynAnalysisRunner has terminated.
Mono: successfully reloaded assembly
- Completed reload, in  0.745 seconds
Platform modules already initialized, skipping
Refreshing native plugins compatible for Editor in 0.28 ms, found 0 plugins.
Preloading 0 native plugins for Editor in 0.00 ms.
Unloading 1432 Unused Serialized files (Serialized files now loaded: 0)
System memory in use before: 72.3 MB.
System memory in use after: 72.4 MB.

Unloading 6 unused Assets to reduce memory usage. Loaded Objects now: 1948.
Total: 1.744300 ms (FindLiveObjects: 0.186200 ms CreateObjectMapping: 0.034600 ms MarkObjects: 1.471800 ms  DeleteObjects: 0.050600 ms)

========================================================================
Received Prepare
Registering precompiled user dll's ...
Registered in 0.000603 seconds.
Begin MonoManager ReloadAssembly
Native extension for LinuxStandalone target not found
Native extension for WindowsStandalone target not found
Native extension for OSXStandalone target not found
Native extension for WebGL target not found
Refreshing native plugins compatible for Editor in 0.27 ms, found 0 plugins.
Preloading 0 native plugins for Editor in 0.00 ms.
Invoked RoslynAnalysisRunner static constructor.
RoslynAnalysisRunner will not be running.
RoslynAnalysisRunner has terminated.
Mono: successfully reloaded assembly
- Completed reload, in  0.710 seconds
Platform modules already initialized, skipping
Refreshing native plugins compatible for Editor in 0.26 ms, found 0 plugins.
Preloading 0 native plugins for Editor in 0.00 ms.
Unloading 1432 Unused Serialized files (Serialized files now loaded: 0)
System memory in use before: 72.3 MB.
System memory in use after: 72.4 MB.

Unloading 6 unused Assets to reduce memory usage. Loaded Objects now: 1951.
Total: 1.816200 ms (FindLiveObjects: 0.169600 ms CreateObjectMapping: 0.031400 ms MarkObjects: 1.564800 ms  DeleteObjects: 0.049400 ms)

========================================================================
Received Import Request.
  Time since last request: 983.560353 seconds.
  path: Assets/Materials/Handle.mat
  artifactKey: Guid(9dbf91781050a8744a07ee83dd9aecd2) Importer(815301076,1909f56bfc062723c751e8b465ee728b)
Start importing Assets/Materials/Handle.mat using Guid(9dbf91781050a8744a07ee83dd9aecd2) Importer(815301076,1909f56bfc062723c751e8b465ee728b)  -> (artifact id: 'f3386fcda1dd03a454e988f5800974f5') in 0.053410 seconds
  Import took 0.055784 seconds .

========================================================================
Received Import Request.
  Time since last request: 16.081941 seconds.
  path: Assets/Materials/Tray.mat
  artifactKey: Guid(6842ae99343797243b3f51b174990d5c) Importer(815301076,1909f56bfc062723c751e8b465ee728b)
Start importing Assets/Materials/Tray.mat using Guid(6842ae99343797243b3f51b174990d5c) Importer(815301076,1909f56bfc062723c751e8b465ee728b)  -> (artifact id: '57b547e30bae981bce695824214461b7') in 0.011470 seconds
  Import took 0.013915 seconds .

========================================================================
Received Import Request.
  Time since last request: 18.123526 seconds.
  path: Assets/Materials/Wheel.mat
  artifactKey: Guid(88ddd140e9ed41f4aaf0b5a32cfb679b) Importer(815301076,1909f56bfc062723c751e8b465ee728b)
Start importing Assets/Materials/Wheel.mat using Guid(88ddd140e9ed41f4aaf0b5a32cfb679b) Importer(815301076,1909f56bfc062723c751e8b465ee728b)  -> (artifact id: '92d283885c7d0fddc099d14835e99790') in 0.011299 seconds
  Import took 0.013698 seconds .

========================================================================
Received Prepare
Registering precompiled user dll's ...
Registered in 0.000893 seconds.
Begin MonoManager ReloadAssembly
Native extension for LinuxStandalone target not found
Native extension for WindowsStandalone target not found
Native extension for OSXStandalone target not found
Native extension for WebGL target not found
Refreshing native plugins compatible for Editor in 0.30 ms, found 0 plugins.
Preloading 0 native plugins for Editor in 0.00 ms.
Invalid AssetDatabase path: /Editor/EditorResources/cm_logo_sm.png. Use path relative to the project folder.
UnityEngine.StackTraceUtility:ExtractStackTrace ()
UnityEditor.AssetDatabase:LoadAssetAtPath<UnityEngine.Texture2D> (string)
Cinemachine.Editor.CinemachineSettings:get_CinemachineLogoTexture () (at Library/PackageCache/com.unity.cinemachine@2.6.5/Editor/Windows/CinemachineSettings.cs:205)
Cinemachine.Editor.CinemachineSettings:.cctor () (at Library/PackageCache/com.unity.cinemachine@2.6.5/Editor/Windows/CinemachineSettings.cs:237)
Cinemachine.CinemachineColliderPrefs:.cctor () (at Library/PackageCache/com.unity.cinemachine@2.6.5/Editor/Windows/CinemachineColliderPrefs.cs:61)
System.Runtime.CompilerServices.RuntimeHelpers:RunClassConstructor (System.RuntimeTypeHandle)
UnityEditor.EditorAssemblies:ProcessInitializeOnLoadAttributes (System.Type[])

[Library/PackageCache/com.unity.cinemachine@2.6.5/Editor/Windows/CinemachineSettings.cs line 205]

Invoked RoslynAnalysisRunner static constructor.
RoslynAnalysisRunner will not be running.
RoslynAnalysisRunner has terminated.
Mono: successfully reloaded assembly
- Completed reload, in  0.767 seconds
Platform modules already initialized, skipping
Refreshing native plugins compatible for Editor in 0.32 ms, found 0 plugins.
Preloading 0 native plugins for Editor in 0.00 ms.
Unloading 1578 Unused Serialized files (Serialized files now loaded: 0)
System memory in use before: 77.2 MB.
System memory in use after: 77.2 MB.

Unloading 7 unused Assets to reduce memory usage. Loaded Objects now: 2100.
Total: 1.850700 ms (FindLiveObjects: 0.216700 ms CreateObjectMapping: 0.036500 ms MarkObjects: 1.525400 ms  DeleteObjects: 0.071100 ms)

AssetImportWorkerClient::OnTransportError - code=2 error=End of file
